<?xml version="1.0" encoding="UTF-8"?>
<testng-results ignored="0" total="2" passed="0" failed="0" skipped="2">
  <reporter-output>
  </reporter-output>
  <suite started-at="2021-06-08T15:45:36 IST" name="Default suite" finished-at="2021-06-08T15:45:39 IST" duration-ms="3591">
    <groups>
    </groups>
    <test started-at="2021-06-08T15:45:36 IST" name="Default test" finished-at="2021-06-08T15:45:39 IST" duration-ms="3591">
      <class name="academy.qaacdemy_Test">
        <test-method is-config="true" signature="initialize()[pri:0, instance:academy.qaacdemy_Test@73302995]" started-at="2021-06-08T15:45:36 IST" name="initialize" finished-at="2021-06-08T15:45:39 IST" duration-ms="3368" status="FAIL">
          <exception class="org.openqa.selenium.SessionNotCreatedException">
            <message>
              <![CDATA[session not created: This version of ChromeDriver only supports Chrome version 88
Current browser version is 91.0.4472.77 with binary path C:\Program Files\Google\Chrome\Application\chrome.exe
Build info: version: '3.141.59', revision: 'e82be7d358', time: '2018-11-14T08:17:03'
System info: host: 'CORE', ip: '192.168.97.185', os.name: 'Windows 8', os.arch: 'amd64', os.version: '6.2', java.version: '15.0.2'
Driver info: driver.version: ChromeDriver
remote stacktrace: Backtrace:
GetHandleVerifier [0x000EB963+483]
GetHandleVerifier [0x000EB941+449]
GetHandleVerifier [0x00493308+3832712]
GetHandleVerifier [0x004AD69A+3940122]
GetHandleVerifier [0x004A9AFB+3924859]
GetHandleVerifier [0x004A7D9C+3917340]
GetHandleVerifier [0x004CE7FE+4075646]
GetHandleVerifier [0x004CE56C+4074988]
GetHandleVerifier [0x004CB2EB+4062059]
GetHandleVerifier [0x004AED14+3945876]
GetHandleVerifier [0x004AFBCE+3949646]
GetHandleVerifier [0x004AFB59+3949529]
Ordinal0 [0x000AB5CC+46540]
Ordinal0 [0x000A9F53+40787]
Ordinal0 [0x000A9B12+39698]
GetHandleVerifier [0x003B1468+2907368]
GetHandleVerifier [0x001F71EE+1096302]
GetHandleVerifier [0x001B3E8D+821005]
GetHandleVerifier [0x001B396B+819691]
GetHandleVerifier [0x001B3881+819457]
GetHandleVerifier [0x001DF463+998627]
BaseThreadInitThunk [0x757186E3+14]
RtlInitializeExceptionChain [0x77CDBD99+133]
RtlInitializeExceptionChain [0x77CDBD6C+88]
(No symbol) [0x00000000]
]]>
            </message>
            <full-stacktrace>
              <![CDATA[org.openqa.selenium.SessionNotCreatedException: session not created: This version of ChromeDriver only supports Chrome version 88
Current browser version is 91.0.4472.77 with binary path C:\Program Files\Google\Chrome\Application\chrome.exe
Build info: version: '3.141.59', revision: 'e82be7d358', time: '2018-11-14T08:17:03'
System info: host: 'CORE', ip: '192.168.97.185', os.name: 'Windows 8', os.arch: 'amd64', os.version: '6.2', java.version: '15.0.2'
Driver info: driver.version: ChromeDriver
remote stacktrace: Backtrace:
GetHandleVerifier [0x000EB963+483]
GetHandleVerifier [0x000EB941+449]
GetHandleVerifier [0x00493308+3832712]
GetHandleVerifier [0x004AD69A+3940122]
GetHandleVerifier [0x004A9AFB+3924859]
GetHandleVerifier [0x004A7D9C+3917340]
GetHandleVerifier [0x004CE7FE+4075646]
GetHandleVerifier [0x004CE56C+4074988]
GetHandleVerifier [0x004CB2EB+4062059]
GetHandleVerifier [0x004AED14+3945876]
GetHandleVerifier [0x004AFBCE+3949646]
GetHandleVerifier [0x004AFB59+3949529]
Ordinal0 [0x000AB5CC+46540]
Ordinal0 [0x000A9F53+40787]
Ordinal0 [0x000A9B12+39698]
GetHandleVerifier [0x003B1468+2907368]
GetHandleVerifier [0x001F71EE+1096302]
GetHandleVerifier [0x001B3E8D+821005]
GetHandleVerifier [0x001B396B+819691]
GetHandleVerifier [0x001B3881+819457]
GetHandleVerifier [0x001DF463+998627]
BaseThreadInitThunk [0x757186E3+14]
RtlInitializeExceptionChain [0x77CDBD99+133]
RtlInitializeExceptionChain [0x77CDBD6C+88]
(No symbol) [0x00000000]

at java.base/jdk.internal.reflect.NativeConstructorAccessorImpl.newInstance0(Native Method)
at java.base/jdk.internal.reflect.NativeConstructorAccessorImpl.newInstance(NativeConstructorAccessorImpl.java:64)
at java.base/jdk.internal.reflect.DelegatingConstructorAccessorImpl.newInstance(DelegatingConstructorAccessorImpl.java:45)
at java.base/java.lang.reflect.Constructor.newInstanceWithCaller(Constructor.java:500)
at java.base/java.lang.reflect.Constructor.newInstance(Constructor.java:481)
at org.openqa.selenium.remote.W3CHandshakeResponse.lambda$errorHandler$0(W3CHandshakeResponse.java:62)
at org.openqa.selenium.remote.HandshakeResponse.lambda$getResponseFunction$0(HandshakeResponse.java:30)
at org.openqa.selenium.remote.ProtocolHandshake.lambda$createSession$0(ProtocolHandshake.java:126)
at java.base/java.util.stream.ReferencePipeline$3$1.accept(ReferencePipeline.java:195)
at java.base/java.util.Spliterators$ArraySpliterator.tryAdvance(Spliterators.java:958)
at java.base/java.util.stream.ReferencePipeline.forEachWithCancel(ReferencePipeline.java:127)
at java.base/java.util.stream.AbstractPipeline.copyIntoWithCancel(AbstractPipeline.java:502)
at java.base/java.util.stream.AbstractPipeline.copyInto(AbstractPipeline.java:488)
at java.base/java.util.stream.AbstractPipeline.wrapAndCopyInto(AbstractPipeline.java:474)
at java.base/java.util.stream.FindOps$FindOp.evaluateSequential(FindOps.java:150)
at java.base/java.util.stream.AbstractPipeline.evaluate(AbstractPipeline.java:234)
at java.base/java.util.stream.ReferencePipeline.findFirst(ReferencePipeline.java:543)
at org.openqa.selenium.remote.ProtocolHandshake.createSession(ProtocolHandshake.java:128)
at org.openqa.selenium.remote.ProtocolHandshake.createSession(ProtocolHandshake.java:74)
at org.openqa.selenium.remote.HttpCommandExecutor.execute(HttpCommandExecutor.java:136)
at org.openqa.selenium.remote.service.DriverCommandExecutor.execute(DriverCommandExecutor.java:83)
at org.openqa.selenium.remote.RemoteWebDriver.execute(RemoteWebDriver.java:552)
at org.openqa.selenium.remote.RemoteWebDriver.startSession(RemoteWebDriver.java:213)
at org.openqa.selenium.remote.RemoteWebDriver.<init>(RemoteWebDriver.java:131)
at org.openqa.selenium.chrome.ChromeDriver.<init>(ChromeDriver.java:181)
at org.openqa.selenium.chrome.ChromeDriver.<init>(ChromeDriver.java:168)
at org.openqa.selenium.chrome.ChromeDriver.<init>(ChromeDriver.java:123)
at resources.base.initializeDriver(base.java:38)
at academy.qaacdemy_Test.initialize(qaacdemy_Test.java:24)
at java.base/jdk.internal.reflect.NativeMethodAccessorImpl.invoke0(Native Method)
at java.base/jdk.internal.reflect.NativeMethodAccessorImpl.invoke(NativeMethodAccessorImpl.java:64)
at java.base/jdk.internal.reflect.DelegatingMethodAccessorImpl.invoke(DelegatingMethodAccessorImpl.java:43)
at java.base/java.lang.reflect.Method.invoke(Method.java:564)
at org.testng.internal.MethodInvocationHelper.invokeMethod(MethodInvocationHelper.java:133)
at org.testng.internal.MethodInvocationHelper.invokeMethodConsideringTimeout(MethodInvocationHelper.java:62)
at org.testng.internal.ConfigInvoker.invokeConfigurationMethod(ConfigInvoker.java:385)
at org.testng.internal.ConfigInvoker.invokeConfigurations(ConfigInvoker.java:321)
at org.testng.TestRunner.invokeTestConfigurations(TestRunner.java:637)
at org.testng.TestRunner.beforeRun(TestRunner.java:627)
at org.testng.TestRunner.run(TestRunner.java:589)
at org.testng.SuiteRunner.runTest(SuiteRunner.java:377)
at org.testng.SuiteRunner.runSequentially(SuiteRunner.java:371)
at org.testng.SuiteRunner.privateRun(SuiteRunner.java:332)
at org.testng.SuiteRunner.run(SuiteRunner.java:276)
at org.testng.SuiteRunnerWorker.runSuite(SuiteRunnerWorker.java:53)
at org.testng.SuiteRunnerWorker.run(SuiteRunnerWorker.java:96)
at org.testng.TestNG.runSuitesSequentially(TestNG.java:1212)
at org.testng.TestNG.runSuitesLocally(TestNG.java:1134)
at org.testng.TestNG.runSuites(TestNG.java:1063)
at org.testng.TestNG.run(TestNG.java:1031)
at org.testng.remote.AbstractRemoteTestNG.run(AbstractRemoteTestNG.java:115)
at org.testng.remote.RemoteTestNG.initAndRun(RemoteTestNG.java:251)
at org.testng.remote.RemoteTestNG.main(RemoteTestNG.java:77)
]]>
            </full-stacktrace>
          </exception> <!-- org.openqa.selenium.SessionNotCreatedException -->
          <reporter-output>
          </reporter-output>
        </test-method> <!-- initialize -->
        <test-method signature="basePageNavigation(java.lang.String,java.lang.String,java.lang.String)[pri:0, instance:academy.qaacdemy_Test@73302995]" started-at="2021-06-08T15:45:39 IST" name="basePageNavigation" data-provider="getData" finished-at="2021-06-08T15:45:39 IST" duration-ms="0" status="SKIP">
          <params>
            <param index="0">
              <value>
                <![CDATA[nomrestricteduser@qw.com]]>
              </value>
            </param>
            <param index="1">
              <value>
                <![CDATA[12345]]>
              </value>
            </param>
            <param index="2">
              <value>
                <![CDATA[Restricted User]]>
              </value>
            </param>
          </params>
          <exception class="org.openqa.selenium.SessionNotCreatedException">
            <message>
              <![CDATA[session not created: This version of ChromeDriver only supports Chrome version 88
Current browser version is 91.0.4472.77 with binary path C:\Program Files\Google\Chrome\Application\chrome.exe
Build info: version: '3.141.59', revision: 'e82be7d358', time: '2018-11-14T08:17:03'
System info: host: 'CORE', ip: '192.168.97.185', os.name: 'Windows 8', os.arch: 'amd64', os.version: '6.2', java.version: '15.0.2'
Driver info: driver.version: ChromeDriver
remote stacktrace: Backtrace:
GetHandleVerifier [0x000EB963+483]
GetHandleVerifier [0x000EB941+449]
GetHandleVerifier [0x00493308+3832712]
GetHandleVerifier [0x004AD69A+3940122]
GetHandleVerifier [0x004A9AFB+3924859]
GetHandleVerifier [0x004A7D9C+3917340]
GetHandleVerifier [0x004CE7FE+4075646]
GetHandleVerifier [0x004CE56C+4074988]
GetHandleVerifier [0x004CB2EB+4062059]
GetHandleVerifier [0x004AED14+3945876]
GetHandleVerifier [0x004AFBCE+3949646]
GetHandleVerifier [0x004AFB59+3949529]
Ordinal0 [0x000AB5CC+46540]
Ordinal0 [0x000A9F53+40787]
Ordinal0 [0x000A9B12+39698]
GetHandleVerifier [0x003B1468+2907368]
GetHandleVerifier [0x001F71EE+1096302]
GetHandleVerifier [0x001B3E8D+821005]
GetHandleVerifier [0x001B396B+819691]
GetHandleVerifier [0x001B3881+819457]
GetHandleVerifier [0x001DF463+998627]
BaseThreadInitThunk [0x757186E3+14]
RtlInitializeExceptionChain [0x77CDBD99+133]
RtlInitializeExceptionChain [0x77CDBD6C+88]
(No symbol) [0x00000000]
]]>
            </message>
            <full-stacktrace>
              <![CDATA[org.openqa.selenium.SessionNotCreatedException: session not created: This version of ChromeDriver only supports Chrome version 88
Current browser version is 91.0.4472.77 with binary path C:\Program Files\Google\Chrome\Application\chrome.exe
Build info: version: '3.141.59', revision: 'e82be7d358', time: '2018-11-14T08:17:03'
System info: host: 'CORE', ip: '192.168.97.185', os.name: 'Windows 8', os.arch: 'amd64', os.version: '6.2', java.version: '15.0.2'
Driver info: driver.version: ChromeDriver
remote stacktrace: Backtrace:
GetHandleVerifier [0x000EB963+483]
GetHandleVerifier [0x000EB941+449]
GetHandleVerifier [0x00493308+3832712]
GetHandleVerifier [0x004AD69A+3940122]
GetHandleVerifier [0x004A9AFB+3924859]
GetHandleVerifier [0x004A7D9C+3917340]
GetHandleVerifier [0x004CE7FE+4075646]
GetHandleVerifier [0x004CE56C+4074988]
GetHandleVerifier [0x004CB2EB+4062059]
GetHandleVerifier [0x004AED14+3945876]
GetHandleVerifier [0x004AFBCE+3949646]
GetHandleVerifier [0x004AFB59+3949529]
Ordinal0 [0x000AB5CC+46540]
Ordinal0 [0x000A9F53+40787]
Ordinal0 [0x000A9B12+39698]
GetHandleVerifier [0x003B1468+2907368]
GetHandleVerifier [0x001F71EE+1096302]
GetHandleVerifier [0x001B3E8D+821005]
GetHandleVerifier [0x001B396B+819691]
GetHandleVerifier [0x001B3881+819457]
GetHandleVerifier [0x001DF463+998627]
BaseThreadInitThunk [0x757186E3+14]
RtlInitializeExceptionChain [0x77CDBD99+133]
RtlInitializeExceptionChain [0x77CDBD6C+88]
(No symbol) [0x00000000]

at java.base/jdk.internal.reflect.NativeConstructorAccessorImpl.newInstance0(Native Method)
at java.base/jdk.internal.reflect.NativeConstructorAccessorImpl.newInstance(NativeConstructorAccessorImpl.java:64)
at java.base/jdk.internal.reflect.DelegatingConstructorAccessorImpl.newInstance(DelegatingConstructorAccessorImpl.java:45)
at java.base/java.lang.reflect.Constructor.newInstanceWithCaller(Constructor.java:500)
at java.base/java.lang.reflect.Constructor.newInstance(Constructor.java:481)
at org.openqa.selenium.remote.W3CHandshakeResponse.lambda$errorHandler$0(W3CHandshakeResponse.java:62)
at org.openqa.selenium.remote.HandshakeResponse.lambda$getResponseFunction$0(HandshakeResponse.java:30)
at org.openqa.selenium.remote.ProtocolHandshake.lambda$createSession$0(ProtocolHandshake.java:126)
at java.base/java.util.stream.ReferencePipeline$3$1.accept(ReferencePipeline.java:195)
at java.base/java.util.Spliterators$ArraySpliterator.tryAdvance(Spliterators.java:958)
at java.base/java.util.stream.ReferencePipeline.forEachWithCancel(ReferencePipeline.java:127)
at java.base/java.util.stream.AbstractPipeline.copyIntoWithCancel(AbstractPipeline.java:502)
at java.base/java.util.stream.AbstractPipeline.copyInto(AbstractPipeline.java:488)
at java.base/java.util.stream.AbstractPipeline.wrapAndCopyInto(AbstractPipeline.java:474)
at java.base/java.util.stream.FindOps$FindOp.evaluateSequential(FindOps.java:150)
at java.base/java.util.stream.AbstractPipeline.evaluate(AbstractPipeline.java:234)
at java.base/java.util.stream.ReferencePipeline.findFirst(ReferencePipeline.java:543)
at org.openqa.selenium.remote.ProtocolHandshake.createSession(ProtocolHandshake.java:128)
at org.openqa.selenium.remote.ProtocolHandshake.createSession(ProtocolHandshake.java:74)
at org.openqa.selenium.remote.HttpCommandExecutor.execute(HttpCommandExecutor.java:136)
at org.openqa.selenium.remote.service.DriverCommandExecutor.execute(DriverCommandExecutor.java:83)
at org.openqa.selenium.remote.RemoteWebDriver.execute(RemoteWebDriver.java:552)
at org.openqa.selenium.remote.RemoteWebDriver.startSession(RemoteWebDriver.java:213)
at org.openqa.selenium.remote.RemoteWebDriver.<init>(RemoteWebDriver.java:131)
at org.openqa.selenium.chrome.ChromeDriver.<init>(ChromeDriver.java:181)
at org.openqa.selenium.chrome.ChromeDriver.<init>(ChromeDriver.java:168)
at org.openqa.selenium.chrome.ChromeDriver.<init>(ChromeDriver.java:123)
at resources.base.initializeDriver(base.java:38)
at academy.qaacdemy_Test.initialize(qaacdemy_Test.java:24)
at java.base/jdk.internal.reflect.NativeMethodAccessorImpl.invoke0(Native Method)
at java.base/jdk.internal.reflect.NativeMethodAccessorImpl.invoke(NativeMethodAccessorImpl.java:64)
at java.base/jdk.internal.reflect.DelegatingMethodAccessorImpl.invoke(DelegatingMethodAccessorImpl.java:43)
at java.base/java.lang.reflect.Method.invoke(Method.java:564)
at org.testng.internal.MethodInvocationHelper.invokeMethod(MethodInvocationHelper.java:133)
at org.testng.internal.MethodInvocationHelper.invokeMethodConsideringTimeout(MethodInvocationHelper.java:62)
at org.testng.internal.ConfigInvoker.invokeConfigurationMethod(ConfigInvoker.java:385)
at org.testng.internal.ConfigInvoker.invokeConfigurations(ConfigInvoker.java:321)
at org.testng.TestRunner.invokeTestConfigurations(TestRunner.java:637)
at org.testng.TestRunner.beforeRun(TestRunner.java:627)
at org.testng.TestRunner.run(TestRunner.java:589)
at org.testng.SuiteRunner.runTest(SuiteRunner.java:377)
at org.testng.SuiteRunner.runSequentially(SuiteRunner.java:371)
at org.testng.SuiteRunner.privateRun(SuiteRunner.java:332)
at org.testng.SuiteRunner.run(SuiteRunner.java:276)
at org.testng.SuiteRunnerWorker.runSuite(SuiteRunnerWorker.java:53)
at org.testng.SuiteRunnerWorker.run(SuiteRunnerWorker.java:96)
at org.testng.TestNG.runSuitesSequentially(TestNG.java:1212)
at org.testng.TestNG.runSuitesLocally(TestNG.java:1134)
at org.testng.TestNG.runSuites(TestNG.java:1063)
at org.testng.TestNG.run(TestNG.java:1031)
at org.testng.remote.AbstractRemoteTestNG.run(AbstractRemoteTestNG.java:115)
at org.testng.remote.RemoteTestNG.initAndRun(RemoteTestNG.java:251)
at org.testng.remote.RemoteTestNG.main(RemoteTestNG.java:77)
]]>
            </full-stacktrace>
          </exception> <!-- org.openqa.selenium.SessionNotCreatedException -->
          <reporter-output>
          </reporter-output>
        </test-method> <!-- basePageNavigation -->
        <test-method signature="basePageNavigation(java.lang.String,java.lang.String,java.lang.String)[pri:0, instance:academy.qaacdemy_Test@73302995]" started-at="2021-06-08T15:45:39 IST" name="basePageNavigation" data-provider="getData" finished-at="2021-06-08T15:45:39 IST" duration-ms="0" status="SKIP">
          <params>
            <param index="0">
              <value>
                <![CDATA[restricteduser@qw.com]]>
              </value>
            </param>
            <param index="1">
              <value>
                <![CDATA[56789]]>
              </value>
            </param>
            <param index="2">
              <value>
                <![CDATA[Non restricted user]]>
              </value>
            </param>
          </params>
          <exception class="org.openqa.selenium.SessionNotCreatedException">
            <message>
              <![CDATA[session not created: This version of ChromeDriver only supports Chrome version 88
Current browser version is 91.0.4472.77 with binary path C:\Program Files\Google\Chrome\Application\chrome.exe
Build info: version: '3.141.59', revision: 'e82be7d358', time: '2018-11-14T08:17:03'
System info: host: 'CORE', ip: '192.168.97.185', os.name: 'Windows 8', os.arch: 'amd64', os.version: '6.2', java.version: '15.0.2'
Driver info: driver.version: ChromeDriver
remote stacktrace: Backtrace:
GetHandleVerifier [0x000EB963+483]
GetHandleVerifier [0x000EB941+449]
GetHandleVerifier [0x00493308+3832712]
GetHandleVerifier [0x004AD69A+3940122]
GetHandleVerifier [0x004A9AFB+3924859]
GetHandleVerifier [0x004A7D9C+3917340]
GetHandleVerifier [0x004CE7FE+4075646]
GetHandleVerifier [0x004CE56C+4074988]
GetHandleVerifier [0x004CB2EB+4062059]
GetHandleVerifier [0x004AED14+3945876]
GetHandleVerifier [0x004AFBCE+3949646]
GetHandleVerifier [0x004AFB59+3949529]
Ordinal0 [0x000AB5CC+46540]
Ordinal0 [0x000A9F53+40787]
Ordinal0 [0x000A9B12+39698]
GetHandleVerifier [0x003B1468+2907368]
GetHandleVerifier [0x001F71EE+1096302]
GetHandleVerifier [0x001B3E8D+821005]
GetHandleVerifier [0x001B396B+819691]
GetHandleVerifier [0x001B3881+819457]
GetHandleVerifier [0x001DF463+998627]
BaseThreadInitThunk [0x757186E3+14]
RtlInitializeExceptionChain [0x77CDBD99+133]
RtlInitializeExceptionChain [0x77CDBD6C+88]
(No symbol) [0x00000000]
]]>
            </message>
            <full-stacktrace>
              <![CDATA[org.openqa.selenium.SessionNotCreatedException: session not created: This version of ChromeDriver only supports Chrome version 88
Current browser version is 91.0.4472.77 with binary path C:\Program Files\Google\Chrome\Application\chrome.exe
Build info: version: '3.141.59', revision: 'e82be7d358', time: '2018-11-14T08:17:03'
System info: host: 'CORE', ip: '192.168.97.185', os.name: 'Windows 8', os.arch: 'amd64', os.version: '6.2', java.version: '15.0.2'
Driver info: driver.version: ChromeDriver
remote stacktrace: Backtrace:
GetHandleVerifier [0x000EB963+483]
GetHandleVerifier [0x000EB941+449]
GetHandleVerifier [0x00493308+3832712]
GetHandleVerifier [0x004AD69A+3940122]
GetHandleVerifier [0x004A9AFB+3924859]
GetHandleVerifier [0x004A7D9C+3917340]
GetHandleVerifier [0x004CE7FE+4075646]
GetHandleVerifier [0x004CE56C+4074988]
GetHandleVerifier [0x004CB2EB+4062059]
GetHandleVerifier [0x004AED14+3945876]
GetHandleVerifier [0x004AFBCE+3949646]
GetHandleVerifier [0x004AFB59+3949529]
Ordinal0 [0x000AB5CC+46540]
Ordinal0 [0x000A9F53+40787]
Ordinal0 [0x000A9B12+39698]
GetHandleVerifier [0x003B1468+2907368]
GetHandleVerifier [0x001F71EE+1096302]
GetHandleVerifier [0x001B3E8D+821005]
GetHandleVerifier [0x001B396B+819691]
GetHandleVerifier [0x001B3881+819457]
GetHandleVerifier [0x001DF463+998627]
BaseThreadInitThunk [0x757186E3+14]
RtlInitializeExceptionChain [0x77CDBD99+133]
RtlInitializeExceptionChain [0x77CDBD6C+88]
(No symbol) [0x00000000]

at java.base/jdk.internal.reflect.NativeConstructorAccessorImpl.newInstance0(Native Method)
at java.base/jdk.internal.reflect.NativeConstructorAccessorImpl.newInstance(NativeConstructorAccessorImpl.java:64)
at java.base/jdk.internal.reflect.DelegatingConstructorAccessorImpl.newInstance(DelegatingConstructorAccessorImpl.java:45)
at java.base/java.lang.reflect.Constructor.newInstanceWithCaller(Constructor.java:500)
at java.base/java.lang.reflect.Constructor.newInstance(Constructor.java:481)
at org.openqa.selenium.remote.W3CHandshakeResponse.lambda$errorHandler$0(W3CHandshakeResponse.java:62)
at org.openqa.selenium.remote.HandshakeResponse.lambda$getResponseFunction$0(HandshakeResponse.java:30)
at org.openqa.selenium.remote.ProtocolHandshake.lambda$createSession$0(ProtocolHandshake.java:126)
at java.base/java.util.stream.ReferencePipeline$3$1.accept(ReferencePipeline.java:195)
at java.base/java.util.Spliterators$ArraySpliterator.tryAdvance(Spliterators.java:958)
at java.base/java.util.stream.ReferencePipeline.forEachWithCancel(ReferencePipeline.java:127)
at java.base/java.util.stream.AbstractPipeline.copyIntoWithCancel(AbstractPipeline.java:502)
at java.base/java.util.stream.AbstractPipeline.copyInto(AbstractPipeline.java:488)
at java.base/java.util.stream.AbstractPipeline.wrapAndCopyInto(AbstractPipeline.java:474)
at java.base/java.util.stream.FindOps$FindOp.evaluateSequential(FindOps.java:150)
at java.base/java.util.stream.AbstractPipeline.evaluate(AbstractPipeline.java:234)
at java.base/java.util.stream.ReferencePipeline.findFirst(ReferencePipeline.java:543)
at org.openqa.selenium.remote.ProtocolHandshake.createSession(ProtocolHandshake.java:128)
at org.openqa.selenium.remote.ProtocolHandshake.createSession(ProtocolHandshake.java:74)
at org.openqa.selenium.remote.HttpCommandExecutor.execute(HttpCommandExecutor.java:136)
at org.openqa.selenium.remote.service.DriverCommandExecutor.execute(DriverCommandExecutor.java:83)
at org.openqa.selenium.remote.RemoteWebDriver.execute(RemoteWebDriver.java:552)
at org.openqa.selenium.remote.RemoteWebDriver.startSession(RemoteWebDriver.java:213)
at org.openqa.selenium.remote.RemoteWebDriver.<init>(RemoteWebDriver.java:131)
at org.openqa.selenium.chrome.ChromeDriver.<init>(ChromeDriver.java:181)
at org.openqa.selenium.chrome.ChromeDriver.<init>(ChromeDriver.java:168)
at org.openqa.selenium.chrome.ChromeDriver.<init>(ChromeDriver.java:123)
at resources.base.initializeDriver(base.java:38)
at academy.qaacdemy_Test.initialize(qaacdemy_Test.java:24)
at java.base/jdk.internal.reflect.NativeMethodAccessorImpl.invoke0(Native Method)
at java.base/jdk.internal.reflect.NativeMethodAccessorImpl.invoke(NativeMethodAccessorImpl.java:64)
at java.base/jdk.internal.reflect.DelegatingMethodAccessorImpl.invoke(DelegatingMethodAccessorImpl.java:43)
at java.base/java.lang.reflect.Method.invoke(Method.java:564)
at org.testng.internal.MethodInvocationHelper.invokeMethod(MethodInvocationHelper.java:133)
at org.testng.internal.MethodInvocationHelper.invokeMethodConsideringTimeout(MethodInvocationHelper.java:62)
at org.testng.internal.ConfigInvoker.invokeConfigurationMethod(ConfigInvoker.java:385)
at org.testng.internal.ConfigInvoker.invokeConfigurations(ConfigInvoker.java:321)
at org.testng.TestRunner.invokeTestConfigurations(TestRunner.java:637)
at org.testng.TestRunner.beforeRun(TestRunner.java:627)
at org.testng.TestRunner.run(TestRunner.java:589)
at org.testng.SuiteRunner.runTest(SuiteRunner.java:377)
at org.testng.SuiteRunner.runSequentially(SuiteRunner.java:371)
at org.testng.SuiteRunner.privateRun(SuiteRunner.java:332)
at org.testng.SuiteRunner.run(SuiteRunner.java:276)
at org.testng.SuiteRunnerWorker.runSuite(SuiteRunnerWorker.java:53)
at org.testng.SuiteRunnerWorker.run(SuiteRunnerWorker.java:96)
at org.testng.TestNG.runSuitesSequentially(TestNG.java:1212)
at org.testng.TestNG.runSuitesLocally(TestNG.java:1134)
at org.testng.TestNG.runSuites(TestNG.java:1063)
at org.testng.TestNG.run(TestNG.java:1031)
at org.testng.remote.AbstractRemoteTestNG.run(AbstractRemoteTestNG.java:115)
at org.testng.remote.RemoteTestNG.initAndRun(RemoteTestNG.java:251)
at org.testng.remote.RemoteTestNG.main(RemoteTestNG.java:77)
]]>
            </full-stacktrace>
          </exception> <!-- org.openqa.selenium.SessionNotCreatedException -->
          <reporter-output>
          </reporter-output>
        </test-method> <!-- basePageNavigation -->
        <test-method is-config="true" signature="teardown()[pri:0, instance:academy.qaacdemy_Test@73302995]" started-at="2021-06-08T15:45:39 IST" name="teardown" finished-at="1970-01-01T05:30:00 IST" duration-ms="-1623147339643" status="SKIP">
          <reporter-output>
          </reporter-output>
        </test-method> <!-- teardown -->
      </class> <!-- academy.qaacdemy_Test -->
    </test> <!-- Default test -->
  </suite> <!-- Default suite -->
</testng-results>
